#
# There is insufficient memory for the Java Runtime Environment to continue.
# Native memory allocation (malloc) failed to allocate 1037776 bytes for Chunk::new
# Possible reasons:
#   The system is out of physical RAM or swap space
#   The process is running with CompressedOops enabled, and the Java Heap may be blocking the growth of the native heap
# Possible solutions:
#   Reduce memory load on the system
#   Increase physical memory or swap space
#   Check if swap backing store is full
#   Decrease Java heap size (-Xmx/-Xms)
#   Decrease number of Java threads
#   Decrease Java thread stack sizes (-Xss)
#   Set larger code cache with -XX:ReservedCodeCacheSize=
#   JVM is running with Unscaled Compressed Oops mode in which the Java heap is
#     placed in the first 4GB address space. The Java Heap base address is the
#     maximum limit for the native heap growth. Please use -XX:HeapBaseMinAddress
#     to set the Java Heap base and to place the Java Heap above 4GB virtual address.
# This output file may be truncated or incomplete.
#
#  Out of Memory Error (allocation.cpp:389), pid=8012, tid=0x00000000000024d4
#
# JRE version: OpenJDK Runtime Environment (8.0_242-b01) (build 1.8.0_242-release-1644-b01)
# Java VM: OpenJDK 64-Bit Server VM (25.242-b01 mixed mode windows-amd64 compressed oops)
# Failed to write core dump. Minidumps are not enabled by default on client versions of Windows
#

---------------  T H R E A D  ---------------

Current thread (0x0000000017616800):  JavaThread "C2 CompilerThread0" daemon [_thread_in_native, id=9428, stack(0x0000000018c80000,0x0000000018d80000)]

Stack: [0x0000000018c80000,0x0000000018d80000]
[error occurred during error reporting (printing stack bounds), id 0xc0000005]

Native frames: (J=compiled Java code, j=interpreted, Vv=VM code, C=native code)


Current CompileTask:
C2: 795818 22375   !   4       com.sun.tools.javac.comp.Flow$FlowAnalyzer::visitClassDef (631 bytes)


---------------  P R O C E S S  ---------------

Java Threads: ( => current thread )
  0x0000000019c62000 JavaThread "Cache worker for Java compile cache (C:\Users\Desktop\AndroidStudioProjects\Electrohomeopathy\.gradle\6.5\javaCompile)" [_thread_blocked, id=9904, stack(0x0000000022b40000,0x0000000022c40000)]
  0x0000000019c5f000 JavaThread "Cache worker for Java compile cache (L:\downloads\gradle-6.5-bin\gradle-6.5\caches\6.5\javaCompile)" [_thread_blocked, id=740, stack(0x00000000220b0000,0x00000000221b0000)]
  0x0000000019c65000 JavaThread "WorkerExecutor Queue Thread 9" [_thread_blocked, id=5596, stack(0x0000000024560000,0x0000000024660000)]
  0x0000000019c60800 JavaThread "WorkerExecutor Queue Thread 8" [_thread_blocked, id=10160, stack(0x0000000022840000,0x0000000022940000)]
  0x0000000019c5b000 JavaThread "WorkerExecutor Queue Thread 6" [_thread_blocked, id=7724, stack(0x0000000024460000,0x0000000024560000)]
  0x000000001a5ea800 JavaThread "stdout" [_thread_in_native, id=2212, stack(0x0000000022a40000,0x0000000022b40000)]
  0x000000001a5e3000 JavaThread "stderr" [_thread_in_native, id=2888, stack(0x0000000022940000,0x0000000022a40000)]
  0x000000001a5ea000 JavaThread "pool-3-thread-1" [_thread_blocked, id=8772, stack(0x0000000023c60000,0x0000000023d60000)]
  0x000000001a5e6000 JavaThread "WorkerExecutor Queue Thread 2" [_thread_blocked, id=2704, stack(0x000000001cea0000,0x000000001cfa0000)]
  0x000000001bb7b000 JavaThread "Cache worker for execution history cache (C:\Users\Desktop\AndroidStudioProjects\Electrohomeopathy\.gradle\6.5\executionHistory)" [_thread_blocked, id=528, stack(0x000000002a460000,0x000000002a560000)]
  0x000000001bb82000 JavaThread "Execution worker for ':' Thread 3" [_thread_in_native, id=7372, stack(0x000000002a360000,0x000000002a460000)]
  0x000000001bb7a800 JavaThread "Execution worker for ':' Thread 2" [_thread_blocked, id=9808, stack(0x000000002a260000,0x000000002a360000)]
  0x000000001bb81000 JavaThread "Execution worker for ':'" [_thread_blocked, id=7196, stack(0x000000002a160000,0x000000002a260000)]
  0x000000001bb80800 JavaThread "Cache worker for file content cache (C:\Users\Desktop\AndroidStudioProjects\Electrohomeopathy\.gradle\6.5\fileContent)" [_thread_blocked, id=2044, stack(0x0000000029740000,0x0000000029840000)]
  0x000000001bb7f800 JavaThread "Memory manager" [_thread_blocked, id=6460, stack(0x0000000029540000,0x0000000029640000)]
  0x000000001bb79800 JavaThread "pool-2-thread-1" [_thread_blocked, id=6536, stack(0x0000000028640000,0x0000000028740000)]
  0x000000001bb7d800 JavaThread "Cache worker for Build Output Cleanup Cache (C:\Users\Desktop\AndroidStudioProjects\Electrohomeopathy\.gradle\buildOutputCleanup)" [_thread_blocked, id=3172, stack(0x0000000028140000,0x0000000028240000)]
  0x000000001df5f800 JavaThread "Build operations Thread 4" [_thread_blocked, id=10208, stack(0x0000000021fb0000,0x00000000220b0000)]
  0x000000001df61800 JavaThread "Build operations Thread 3" [_thread_blocked, id=9932, stack(0x0000000021eb0000,0x0000000021fb0000)]
  0x000000001df5e800 JavaThread "Build operations Thread 2" [_thread_blocked, id=8572, stack(0x00000000218b0000,0x00000000219b0000)]
  0x000000001df65800 JavaThread "Build operations" [_thread_blocked, id=8084, stack(0x00000000210b0000,0x00000000211b0000)]
  0x000000001df5e000 JavaThread "Cache worker for cache directory md-rule (L:\downloads\gradle-6.5-bin\gradle-6.5\caches\6.5\md-rule)" [_thread_blocked, id=6672, stack(0x0000000020fb0000,0x00000000210b0000)]
  0x000000001df61000 JavaThread "Cache worker for cache directory md-supplier (L:\downloads\gradle-6.5-bin\gradle-6.5\caches\6.5\md-supplier)" [_thread_blocked, id=5612, stack(0x000000001fc40000,0x000000001fd40000)]
  0x000000001df64800 JavaThread "Cache worker for checksums cache (C:\Users\Desktop\AndroidStudioProjects\Electrohomeopathy\.gradle\checksums)" [_thread_blocked, id=432, stack(0x000000001fb40000,0x000000001fc40000)]
  0x000000001df5d000 JavaThread "Cache worker for file hash cache (C:\Users\Desktop\AndroidStudioProjects\Electrohomeopathy\.gradle\6.5\fileHashes)" [_thread_blocked, id=8344, stack(0x000000001d0a0000,0x000000001d1a0000)]
  0x000000001df64000 JavaThread "Thread-125" [_thread_blocked, id=9756, stack(0x000000001cfa0000,0x000000001d0a0000)]
  0x000000001df5c800 JavaThread "Asynchronous log dispatcher for DefaultDaemonConnection: socket connection from /127.0.0.1:49725 to /127.0.0.1:49731" [_thread_blocked, id=1144, stack(0x000000001cca0000,0x000000001cda0000)]
  0x000000001df63000 JavaThread "Cancel handler" [_thread_blocked, id=9584, stack(0x000000001c9a0000,0x000000001caa0000)]
  0x000000001df62800 JavaThread "Handler for socket connection from /127.0.0.1:49725 to /127.0.0.1:49731" [_thread_in_native, id=8520, stack(0x0000000000d50000,0x0000000000e50000)]
  0x000000001b2bc800 JavaThread "Cache worker for file content cache (L:\downloads\gradle-6.5-bin\gradle-6.5\caches\6.5\fileContent)" [_thread_blocked, id=3388, stack(0x00000000219b0000,0x0000000021ab0000)]
  0x000000001b2bb000 JavaThread "Cache worker for execution history cache (L:\downloads\gradle-6.5-bin\gradle-6.5\caches\6.5\executionHistory)" [_thread_blocked, id=1028, stack(0x00000000211b0000,0x00000000212b0000)]
  0x000000001b2b9000 JavaThread "Cache worker for file hash cache (L:\downloads\gradle-6.5-bin\gradle-6.5\caches\6.5\fileHashes)" [_thread_blocked, id=9340, stack(0x000000001d6a0000,0x000000001d7a0000)]
  0x000000001b2bc000 JavaThread "File lock request listener" [_thread_in_native, id=5440, stack(0x000000001d5a0000,0x000000001d6a0000)]
  0x000000001b230800 JavaThread "Cache worker for journal cache (L:\downloads\gradle-6.5-bin\gradle-6.5\caches\journal-1)" [_thread_blocked, id=9964, stack(0x000000001d3a0000,0x000000001d4a0000)]
  0x000000001a9f5800 JavaThread "Daemon worker" [_thread_blocked, id=8580, stack(0x000000001cda0000,0x000000001cea0000)]
  0x000000001a9ad000 JavaThread "Daemon" [_thread_blocked, id=6528, stack(0x000000001c8a0000,0x000000001c9a0000)]
  0x000000001ae9d800 JavaThread "Daemon periodic checks" [_thread_blocked, id=7004, stack(0x000000001c7a0000,0x000000001c8a0000)]
  0x0000000019e93000 JavaThread "Incoming local TCP Connector on port 49725" [_thread_in_native, id=340, stack(0x000000001c560000,0x000000001c660000)]
  0x000000001a0ad800 JavaThread "Daemon health stats" [_thread_blocked, id=3472, stack(0x000000001bf20000,0x000000001c020000)]
  0x0000000018fb0800 JavaThread "Service Thread" daemon [_thread_blocked, id=2688, stack(0x0000000019380000,0x0000000019480000)]
  0x000000001762b000 JavaThread "C1 CompilerThread2" daemon [_thread_blocked, id=9220, stack(0x0000000018e80000,0x0000000018f80000)]
  0x000000001761a800 JavaThread "C2 CompilerThread1" daemon [_thread_blocked, id=832, stack(0x0000000018d80000,0x0000000018e80000)]
=>0x0000000017616800 JavaThread "C2 CompilerThread0" daemon [_thread_in_native, id=9428, stack(0x0000000018c80000,0x0000000018d80000)]
  0x0000000017615000 JavaThread "Attach Listener" daemon [_thread_blocked, id=1048, stack(0x0000000018b80000,0x0000000018c80000)]
  0x0000000017614000 JavaThread "Signal Dispatcher" daemon [_thread_blocked, id=7040, stack(0x0000000018a80000,0x0000000018b80000)]
  0x00000000175fa000 JavaThread "Finalizer" daemon [_thread_blocked, id=6564, stack(0x0000000018880000,0x0000000018980000)]
  0x00000000175f9000 JavaThread "Reference Handler" daemon [_thread_blocked, id=8712, stack(0x0000000018780000,0x0000000018880000)]
  0x00000000028f2800 JavaThread "main" [_thread_blocked, id=6252, stack(0x00000000027f0000,0x00000000028f0000)]

Other Threads:
  0x00000000175d6800 VMThread [stack: 0x0000000018680000,0x0000000018780000] [id=9104]
  0x000000001766c800 WatcherThread [stack: 0x0000000019480000,0x0000000019580000] [id=8028]

VM state:not at safepoint (normal execution)

VM Mutex/Monitor currently owned by a thread: None

heap address: 0x0000000080000000, size: 2048 MB, Compressed Oops mode: 32-bit
Narrow klass base: 0x0000000000000000, Narrow klass shift: 3
Compressed class space size: 1073741824 Address: 0x0000000100000000

Heap:
 PSYoungGen      total 499200K, used 362064K [0x00000000d5580000, 0x00000000fed00000, 0x0000000100000000)
  eden space 350720K, 100% used [0x00000000d5580000,0x00000000eac00000,0x00000000eac00000)
  from space 148480K, 7% used [0x00000000f5c00000,0x00000000f6714108,0x00000000fed00000)
  to   space 164352K, 0% used [0x00000000eac00000,0x00000000eac00000,0x00000000f4c80000)
 ParOldGen       total 526336K, used 329567K [0x0000000080000000, 0x00000000a0200000, 0x00000000d5580000)
  object space 526336K, 62% used [0x0000000080000000,0x00000000941d7cd0,0x00000000a0200000)
 Metaspace       used 97325K, capacity 101754K, committed 102056K, reserved 1138688K
  class space    used 12506K, capacity 13384K, committed 13488K, reserved 1048576K

Card table byte_map: [0x0000000011db0000,0x00000000121c0000] byte_map_base: 0x00000000119b0000

Marking Bits: (ParMarkBitMap*) 0x000000005dcff030
 Begin Bits: [0x0000000012870000, 0x0000000014870000)
 End Bits:   [0x0000000014870000, 0x0000000016870000)

Polling page: 0x0000000000ec0000

CodeCache: size=245760Kb used=61101Kb max_used=62390Kb free=184658Kb
 bounds [0x00000000029f0000, 0x0000000006750000, 0x00000000119f0000]
 total_blobs=17492 nmethods=16614 adapters=791
 compilation: enabled

Compilation events (10 events):
Event: 794.149 Thread 0x000000001762b000 22373       3       com.sun.tools.javac.comp.DeferredAttr$ArgumentExpressionKind::methodKind (48 bytes)
Event: 794.151 Thread 0x000000001762b000 nmethod 22373 0x0000000005a79fd0 code [0x0000000005a7a1e0, 0x0000000005a7acb8]
Event: 794.151 Thread 0x000000001762b000 22372       3       com.sun.tools.javac.comp.DeferredAttr$DeferredChecker::analyzeCandidateMethods (140 bytes)
Event: 794.152 Thread 0x000000001762b000 nmethod 22372 0x00000000058b5d50 code [0x00000000058b5f80, 0x00000000058b6e68]
Event: 794.173 Thread 0x000000001761a800 22374   !   4       com.sun.tools.javac.comp.Flow$AssignAnalyzer::visitMethodDef (632 bytes)
Event: 794.174 Thread 0x0000000017616800 22375   !   4       com.sun.tools.javac.comp.Flow$FlowAnalyzer::visitClassDef (631 bytes)
Event: 794.269 Thread 0x000000001762b000 22376   !   3       com.sun.tools.javac.main.JavaCompiler::generate (446 bytes)
Event: 794.276 Thread 0x000000001762b000 nmethod 22376 0x0000000005b8aa50 code [0x0000000005b8afa0, 0x0000000005b8e868]
Event: 794.481 Thread 0x000000001762b000 22377       3       com.sun.tools.javac.jvm.Gen::visitIf (129 bytes)
Event: 794.482 Thread 0x000000001762b000 nmethod 22377 0x0000000005f6fe90 code [0x0000000005f700e0, 0x0000000005f70c18]

GC Heap History (10 events):
Event: 757.636 GC heap before
{Heap before GC invocations=37 (full 6):
 PSYoungGen      total 505856K, used 472576K [0x00000000d5580000, 0x0000000100000000, 0x0000000100000000)
  eden space 472576K, 100% used [0x00000000d5580000,0x00000000f2300000,0x00000000f2300000)
  from space 33280K, 0% used [0x00000000fdf80000,0x00000000fdf80000,0x0000000100000000)
  to   space 113152K, 0% used [0x00000000f2300000,0x00000000f2300000,0x00000000f9180000)
 ParOldGen       total 332288K, used 161411K [0x0000000080000000, 0x0000000094480000, 0x00000000d5580000)
  object space 332288K, 48% used [0x0000000080000000,0x0000000089da0e78,0x0000000094480000)
 Metaspace       used 94782K, capacity 99100K, committed 99240K, reserved 1134592K
  class space    used 12340K, capacity 13182K, committed 13232K, reserved 1048576K
Event: 757.820 GC heap after
Heap after GC invocations=37 (full 6):
 PSYoungGen      total 585728K, used 113137K [0x00000000d5580000, 0x0000000100000000, 0x0000000100000000)
  eden space 472576K, 0% used [0x00000000d5580000,0x00000000d5580000,0x00000000f2300000)
  from space 113152K, 99% used [0x00000000f2300000,0x00000000f917c798,0x00000000f9180000)
  to   space 113152K, 0% used [0x00000000f9180000,0x00000000f9180000,0x0000000100000000)
 ParOldGen       total 332288K, used 197522K [0x0000000080000000, 0x0000000094480000, 0x00000000d5580000)
  object space 332288K, 59% used [0x0000000080000000,0x000000008c0e4b08,0x0000000094480000)
 Metaspace       used 94782K, capacity 99100K, committed 99240K, reserved 1134592K
  class space    used 12340K, capacity 13182K, committed 13232K, reserved 1048576K
}
Event: 762.262 GC heap before
{Heap before GC invocations=38 (full 6):
 PSYoungGen      total 585728K, used 585713K [0x00000000d5580000, 0x0000000100000000, 0x0000000100000000)
  eden space 472576K, 100% used [0x00000000d5580000,0x00000000f2300000,0x00000000f2300000)
  from space 113152K, 99% used [0x00000000f2300000,0x00000000f917c798,0x00000000f9180000)
  to   space 113152K, 0% used [0x00000000f9180000,0x00000000f9180000,0x0000000100000000)
 ParOldGen       total 332288K, used 197522K [0x0000000080000000, 0x0000000094480000, 0x00000000d5580000)
  object space 332288K, 59% used [0x0000000080000000,0x000000008c0e4b08,0x0000000094480000)
 Metaspace       used 95485K, capacity 99814K, committed 100136K, reserved 1136640K
  class space    used 12386K, capacity 13252K, committed 13360K, reserved 1048576K
Event: 762.492 GC heap after
Heap after GC invocations=38 (full 6):
 PSYoungGen      total 451584K, used 113142K [0x00000000d5580000, 0x0000000100000000, 0x0000000100000000)
  eden space 338432K, 0% used [0x00000000d5580000,0x00000000d5580000,0x00000000ea000000)
  from space 113152K, 99% used [0x00000000f9180000,0x00000000ffffda18,0x0000000100000000)
  to   space 180224K, 0% used [0x00000000ea000000,0x00000000ea000000,0x00000000f5000000)
 ParOldGen       total 332288K, used 244230K [0x0000000080000000, 0x0000000094480000, 0x00000000d5580000)
  object space 332288K, 73% used [0x0000000080000000,0x000000008ee819c0,0x0000000094480000)
 Metaspace       used 95485K, capacity 99814K, committed 100136K, reserved 1136640K
  class space    used 12386K, capacity 13252K, committed 13360K, reserved 1048576K
}
Event: 763.672 GC heap before
{Heap before GC invocations=39 (full 6):
 PSYoungGen      total 451584K, used 451574K [0x00000000d5580000, 0x0000000100000000, 0x0000000100000000)
  eden space 338432K, 100% used [0x00000000d5580000,0x00000000ea000000,0x00000000ea000000)
  from space 113152K, 99% used [0x00000000f9180000,0x00000000ffffda18,0x0000000100000000)
  to   space 180224K, 0% used [0x00000000ea000000,0x00000000ea000000,0x00000000f5000000)
 ParOldGen       total 332288K, used 244230K [0x0000000080000000, 0x0000000094480000, 0x00000000d5580000)
  object space 332288K, 73% used [0x0000000080000000,0x000000008ee819c0,0x0000000094480000)
 Metaspace       used 95499K, capacity 99814K, committed 100136K, reserved 1136640K
  class space    used 12386K, capacity 13252K, committed 13360K, reserved 1048576K
Event: 763.866 GC heap after
Heap after GC invocations=39 (full 6):
 PSYoungGen      total 518656K, used 55414K [0x00000000d5580000, 0x0000000100000000, 0x0000000100000000)
  eden space 338432K, 0% used [0x00000000d5580000,0x00000000d5580000,0x00000000ea000000)
  from space 180224K, 30% used [0x00000000ea000000,0x00000000ed61d9a8,0x00000000f5000000)
  to   space 167936K, 0% used [0x00000000f5c00000,0x00000000f5c00000,0x0000000100000000)
 ParOldGen       total 332288K, used 309356K [0x0000000080000000, 0x0000000094480000, 0x00000000d5580000)
  object space 332288K, 93% used [0x0000000080000000,0x0000000092e1b348,0x0000000094480000)
 Metaspace       used 95499K, capacity 99814K, committed 100136K, reserved 1136640K
  class space    used 12386K, capacity 13252K, committed 13360K, reserved 1048576K
}
Event: 763.866 GC heap before
{Heap before GC invocations=40 (full 7):
 PSYoungGen      total 518656K, used 55414K [0x00000000d5580000, 0x0000000100000000, 0x0000000100000000)
  eden space 338432K, 0% used [0x00000000d5580000,0x00000000d5580000,0x00000000ea000000)
  from space 180224K, 30% used [0x00000000ea000000,0x00000000ed61d9a8,0x00000000f5000000)
  to   space 167936K, 0% used [0x00000000f5c00000,0x00000000f5c00000,0x0000000100000000)
 ParOldGen       total 332288K, used 309356K [0x0000000080000000, 0x0000000094480000, 0x00000000d5580000)
  object space 332288K, 93% used [0x0000000080000000,0x0000000092e1b348,0x0000000094480000)
 Metaspace       used 95499K, capacity 99814K, committed 100136K, reserved 1136640K
  class space    used 12386K, capacity 13252K, committed 13360K, reserved 1048576K
Event: 766.037 GC heap after
Heap after GC invocations=40 (full 7):
 PSYoungGen      total 518656K, used 0K [0x00000000d5580000, 0x0000000100000000, 0x0000000100000000)
  eden space 338432K, 0% used [0x00000000d5580000,0x00000000d5580000,0x00000000ea000000)
  from space 180224K, 0% used [0x00000000ea000000,0x00000000ea000000,0x00000000f5000000)
  to   space 167936K, 0% used [0x00000000f5c00000,0x00000000f5c00000,0x0000000100000000)
 ParOldGen       total 526336K, used 329559K [0x0000000080000000, 0x00000000a0200000, 0x00000000d5580000)
  object space 526336K, 62% used [0x0000000080000000,0x00000000941d5cd0,0x00000000a0200000)
 Metaspace       used 95499K, capacity 99814K, committed 100136K, reserved 1136640K
  class space    used 12386K, capacity 13252K, committed 13360K, reserved 1048576K
}
Event: 780.410 GC heap before
{Heap before GC invocations=41 (full 7):
 PSYoungGen      total 518656K, used 338432K [0x00000000d5580000, 0x0000000100000000, 0x0000000100000000)
  eden space 338432K, 100% used [0x00000000d5580000,0x00000000ea000000,0x00000000ea000000)
  from space 180224K, 0% used [0x00000000ea000000,0x00000000ea000000,0x00000000f5000000)
  to   space 167936K, 0% used [0x00000000f5c00000,0x00000000f5c00000,0x0000000100000000)
 ParOldGen       total 526336K, used 329559K [0x0000000080000000, 0x00000000a0200000, 0x00000000d5580000)
  object space 526336K, 62% used [0x0000000080000000,0x00000000941d5cd0,0x00000000a0200000)
 Metaspace       used 97277K, capacity 101658K, committed 101928K, reserved 1138688K
  class space    used 12505K, capacity 13352K, committed 13360K, reserved 1048576K
Event: 780.450 GC heap after
Heap after GC invocations=41 (full 7):
 PSYoungGen      total 499200K, used 11344K [0x00000000d5580000, 0x00000000fed00000, 0x0000000100000000)
  eden space 350720K, 0% used [0x00000000d5580000,0x00000000d5580000,0x00000000eac00000)
  from space 148480K, 7% used [0x00000000f5c00000,0x00000000f6714108,0x00000000fed00000)
  to   space 164352K, 0% used [0x00000000eac00000,0x00000000eac00000,0x00000000f4c80000)
 ParOldGen       total 526336K, used 329567K [0x0000000080000000, 0x00000000a0200000, 0x00000000d5580000)
  object space 526336K, 62% used [0x0000000080000000,0x00000000941d7cd0,0x00000000a0200000)
 Metaspace       used 97277K, capacity 101658K, committed 101928K, reserved 1138688K
  class space    used 12505K, capacity 13352K, committed 13360K, reserved 1048576K
}

Deoptimization events (10 events):
Event: 769.354 Thread 0x000000001bb82000 Uncommon trap: reason=unstable_if action=reinterpret pc=0x000000000589ad58 method=com.sun.tools.javac.comp.Resolve.findTypeVar(Lcom/sun/tools/javac/comp/Env;Lcom/sun/tools/javac/util/Name;Z)Lcom/sun/tools/javac/code/Symbol; @ 21
Event: 769.449 Thread 0x000000001bb82000 Uncommon trap: reason=bimorphic action=maybe_recompile pc=0x0000000005fb5ac8 method=com.sun.tools.javac.code.Types$4.visitClassType(Lcom/sun/tools/javac/code/Type$ClassType;Lcom/sun/tools/javac/code/Type;)Ljava/lang/Boolean; @ 77
Event: 769.817 Thread 0x000000001bb82000 Uncommon trap: reason=bimorphic action=maybe_recompile pc=0x0000000005fb9a5c method=com.sun.tools.javac.code.Types$4.visitClassType(Lcom/sun/tools/javac/code/Type$ClassType;Lcom/sun/tools/javac/code/Type;)Ljava/lang/Boolean; @ 77
Event: 769.830 Thread 0x000000001bb82000 Uncommon trap: reason=bimorphic action=maybe_recompile pc=0x0000000005b7e740 method=com.sun.tools.javac.comp.Attr.check(Lcom/sun/tools/javac/tree/JCTree;Lcom/sun/tools/javac/code/Type;ILcom/sun/tools/javac/comp/Attr$ResultInfo;)Lcom/sun/tools/javac/code/T
Event: 769.900 Thread 0x000000001bb82000 Uncommon trap: reason=unstable_if action=reinterpret pc=0x0000000006163df4 method=com.sun.tools.javac.comp.Resolve.isAccessible(Lcom/sun/tools/javac/comp/Env;Lcom/sun/tools/javac/code/Type;Z)Z @ 7
Event: 770.510 Thread 0x000000001bb82000 Uncommon trap: reason=bimorphic action=maybe_recompile pc=0x0000000005b7e740 method=com.sun.tools.javac.comp.Attr.check(Lcom/sun/tools/javac/tree/JCTree;Lcom/sun/tools/javac/code/Type;ILcom/sun/tools/javac/comp/Attr$ResultInfo;)Lcom/sun/tools/javac/code/T
Event: 775.796 Thread 0x000000001bb82000 Uncommon trap: reason=unstable_if action=reinterpret pc=0x00000000062ba420 method=com.sun.tools.javac.comp.Flow$CaptureAnalyzer.checkEffectivelyFinal(Lcom/sun/tools/javac/util/JCDiagnostic$DiagnosticPosition;Lcom/sun/tools/javac/code/Symbol$VarSymbol;)V @
Event: 777.692 Thread 0x000000001bb82000 Uncommon trap: reason=null_check action=make_not_entrant pc=0x00000000063f759c method=com.sun.tools.javac.code.DeferredLintHandler.flush(Lcom/sun/tools/javac/util/JCDiagnostic$DiagnosticPosition;)V @ 10
Event: 783.722 Thread 0x000000001bb82000 Uncommon trap: reason=null_check action=make_not_entrant pc=0x000000000660d6b0 method=com.sun.tools.javac.comp.Lower$FreeVarCollector.addFreeVars(Lcom/sun/tools/javac/code/Symbol$ClassSymbol;)V @ 13
Event: 789.779 Thread 0x000000001bb82000 Uncommon trap: reason=null_check action=make_not_entrant pc=0x0000000005ae3838 method=com.sun.tools.javac.comp.Check$5.visitType(Lcom/sun/tools/javac/code/Type;Ljava/lang/Object;)Ljava/lang/Object; @ 3

Classes redefined (0 events):
No events

Internal exceptions (10 events):
Event: 760.766 Thread 0x000000001bb82000 Implicit null exception at 0x0000000005bd8031 to 0x0000000005bd83e9
Event: 760.965 Thread 0x000000001bb82000 Implicit null exception at 0x0000000005372b5d to 0x0000000005372b8d
Event: 761.884 Thread 0x000000001bb82000 Implicit null exception at 0x00000000058c1ca6 to 0x00000000058c1e4d
Event: 763.274 Thread 0x000000001bb82000 Implicit null exception at 0x000000000490f971 to 0x000000000490fb05
Event: 766.083 Thread 0x000000001bb82000 Implicit null exception at 0x00000000059ccccf to 0x00000000059cd4f9
Event: 766.138 Thread 0x000000001bb82000 Implicit null exception at 0x0000000005cc218c to 0x0000000005cc21ab
Event: 768.644 Thread 0x000000001bb82000 Implicit null exception at 0x0000000005814aaa to 0x0000000005817575
Event: 777.692 Thread 0x000000001bb82000 Implicit null exception at 0x00000000063f3547 to 0x00000000063f7579
Event: 783.722 Thread 0x000000001bb82000 Implicit null exception at 0x000000000660d4a0 to 0x000000000660d69d
Event: 789.779 Thread 0x000000001bb82000 Implicit null exception at 0x0000000005ae3722 to 0x0000000005ae3829

Events (10 events):
Event: 791.485 Thread 0x000000001762b000 flushing nmethod 0x00000000062bb8d0
Event: 791.485 Thread 0x000000001762b000 flushing nmethod 0x00000000062bd750
Event: 791.485 Thread 0x000000001762b000 flushing nmethod 0x00000000062fee50
Event: 791.485 Thread 0x000000001762b000 flushing nmethod 0x0000000006349d50
Event: 791.485 Thread 0x000000001762b000 flushing nmethod 0x0000000006393090
Event: 791.485 Thread 0x000000001762b000 flushing nmethod 0x00000000063aaf50
Event: 793.240 loading class com/sun/tools/javac/jvm/CRTable
Event: 793.240 loading class com/sun/tools/javac/jvm/CRTable done
Event: 793.240 loading class com/sun/tools/javac/jvm/CRTFlags
Event: 793.240 loading class com/sun/tools/javac/jvm/CRTFlags done


Dynamic libraries:
0x00007ff75ef20000 - 0x00007ff75ef51000 	C:\Program Files\Android\Android Studio\jre\bin\java.exe
0x00007ffc9b040000 - 0x00007ffc9b230000 	C:\Windows\SYSTEM32\ntdll.dll
0x00007ffc9a2a0000 - 0x00007ffc9a352000 	C:\Windows\System32\KERNEL32.DLL
0x00007ffc98d20000 - 0x00007ffc98fc5000 	C:\Windows\System32\KERNELBASE.dll
0x00007ffc9a1f0000 - 0x00007ffc9a293000 	C:\Windows\System32\ADVAPI32.dll
0x00007ffc9a050000 - 0x00007ffc9a0ee000 	C:\Windows\System32\msvcrt.dll
0x00007ffc9af50000 - 0x00007ffc9afe7000 	C:\Windows\System32\sechost.dll
0x00007ffc994c0000 - 0x00007ffc995df000 	C:\Windows\System32\RPCRT4.dll
0x00007ffc99c70000 - 0x00007ffc99e04000 	C:\Windows\System32\USER32.dll
0x00007ffc98570000 - 0x00007ffc98591000 	C:\Windows\System32\win32u.dll
0x00007ffc9a020000 - 0x00007ffc9a046000 	C:\Windows\System32\GDI32.dll
0x00007ffc98150000 - 0x00007ffc982e8000 	C:\Windows\System32\gdi32full.dll
0x00007ffc984d0000 - 0x00007ffc9856e000 	C:\Windows\System32\msvcp_win.dll
0x00007ffc98ff0000 - 0x00007ffc990ea000 	C:\Windows\System32\ucrtbase.dll
0x00007ffc870b0000 - 0x00007ffc87334000 	C:\Windows\WinSxS\amd64_microsoft.windows.common-controls_6595b64144ccf1df_6.0.18362.1556_none_9e7e372fe45e41d5\COMCTL32.dll
0x00007ffc9a430000 - 0x00007ffc9a766000 	C:\Windows\System32\combase.dll
0x00007ffc97fb0000 - 0x00007ffc98031000 	C:\Windows\System32\bcryptPrimitives.dll
0x00007ffc99210000 - 0x00007ffc9923e000 	C:\Windows\System32\IMM32.DLL
0x000000005d450000 - 0x000000005d522000 	C:\Program Files\Android\Android Studio\jre\jre\bin\msvcr100.dll
0x000000005d530000 - 0x000000005dd7b000 	C:\Program Files\Android\Android Studio\jre\jre\bin\server\jvm.dll
0x00007ffc9aff0000 - 0x00007ffc9aff8000 	C:\Windows\System32\PSAPI.DLL
0x00007ffc959e0000 - 0x00007ffc95a04000 	C:\Windows\SYSTEM32\WINMM.dll
0x00007ffc8e780000 - 0x00007ffc8e78a000 	C:\Windows\SYSTEM32\VERSION.dll
0x00007ffc91f10000 - 0x00007ffc91f19000 	C:\Windows\SYSTEM32\WSOCK32.dll
0x00007ffc99c00000 - 0x00007ffc99c6f000 	C:\Windows\System32\WS2_32.dll
0x00007ffc959b0000 - 0x00007ffc959dd000 	C:\Windows\SYSTEM32\WINMMBASE.dll
0x00007ffc98480000 - 0x00007ffc984ca000 	C:\Windows\System32\cfgmgr32.dll
0x00007ffc8d9e0000 - 0x00007ffc8d9ef000 	C:\Program Files\Android\Android Studio\jre\jre\bin\verify.dll
0x00007ffc8d800000 - 0x00007ffc8d829000 	C:\Program Files\Android\Android Studio\jre\jre\bin\java.dll
0x00007ffc8abb0000 - 0x00007ffc8abc6000 	C:\Program Files\Android\Android Studio\jre\jre\bin\zip.dll
0x00007ffc9a860000 - 0x00007ffc9af47000 	C:\Windows\System32\SHELL32.dll
0x00007ffc99f70000 - 0x00007ffc9a018000 	C:\Windows\System32\shcore.dll
0x00007ffc985a0000 - 0x00007ffc98d1b000 	C:\Windows\System32\windows.storage.dll
0x00007ffc97f00000 - 0x00007ffc97f1e000 	C:\Windows\System32\profapi.dll
0x00007ffc97f20000 - 0x00007ffc97f6a000 	C:\Windows\System32\powrprof.dll
0x00007ffc97ef0000 - 0x00007ffc97f00000 	C:\Windows\System32\UMPDC.dll
0x00007ffc991a0000 - 0x00007ffc991f2000 	C:\Windows\System32\shlwapi.dll
0x00007ffc97f70000 - 0x00007ffc97f81000 	C:\Windows\System32\kernel.appcore.dll
0x00007ffc98fd0000 - 0x00007ffc98fe7000 	C:\Windows\System32\cryptsp.dll
0x00007ffc874a0000 - 0x00007ffc874ba000 	C:\Program Files\Android\Android Studio\jre\jre\bin\net.dll
0x00007ffc97730000 - 0x00007ffc97797000 	C:\Windows\system32\mswsock.dll
0x00007ffc86980000 - 0x00007ffc86993000 	C:\Program Files\Android\Android Studio\jre\jre\bin\nio.dll
0x00007ffc8de30000 - 0x00007ffc8de57000 	L:\downloads\gradle-6.5-bin\gradle-6.5\native\f6784746aeab05261644944871eae4fe03e0ef1612fff0a4a95f87b438bc6780\windows-amd64\native-platform.dll
0x00007ffc8d9d0000 - 0x00007ffc8d9dd000 	C:\Program Files\Android\Android Studio\jre\jre\bin\management.dll
0x00007ffc972b0000 - 0x00007ffc972e3000 	C:\Windows\system32\rsaenh.dll
0x00007ffc98450000 - 0x00007ffc98476000 	C:\Windows\System32\bcrypt.dll
0x00007ffc97e10000 - 0x00007ffc97e35000 	C:\Windows\SYSTEM32\USERENV.dll
0x00007ffc97900000 - 0x00007ffc9790c000 	C:\Windows\SYSTEM32\CRYPTBASE.dll
0x00007ffc97440000 - 0x00007ffc9747a000 	C:\Windows\SYSTEM32\IPHLPAPI.DLL
0x00007ffc99240000 - 0x00007ffc99248000 	C:\Windows\System32\NSI.dll
0x00007ffc8e760000 - 0x00007ffc8e776000 	C:\Windows\SYSTEM32\dhcpcsvc6.DLL
0x00007ffc8ea50000 - 0x00007ffc8ea6c000 	C:\Windows\SYSTEM32\dhcpcsvc.DLL
0x00007ffc97480000 - 0x00007ffc9754b000 	C:\Windows\SYSTEM32\DNSAPI.dll
0x00007ffc8f360000 - 0x00007ffc8f36b000 	C:\Windows\SYSTEM32\WINNSI.DLL
0x00007ffc79e10000 - 0x00007ffc79e34000 	C:\Program Files\Android\Android Studio\jre\jre\bin\sunec.dll
0x00007ffc8c820000 - 0x00007ffc8c82a000 	C:\Windows\System32\rasadhlp.dll
0x00007ffc96f30000 - 0x00007ffc96f61000 	C:\Windows\SYSTEM32\ntmarta.dll

VM Arguments:
jvm_args: -Xmx2048m -Dfile.encoding=UTF-8 -Duser.country=US -Duser.language=en -Duser.variant 
java_command: org.gradle.launcher.daemon.bootstrap.GradleDaemon 6.5
java_class_path (initial): L:\downloads\gradle-6.5-bin\gradle-6.5\wrapper\dists\gradle-6.5-all\2oz4ud9k3tuxjg84bbf55q0tn\gradle-6.5\lib\gradle-launcher-6.5.jar
Launcher Type: SUN_STANDARD

Environment Variables:
JAVA_HOME=C:\Program Files\Java\jdk-14.0.1
PATH=C:\Windows\system32;C:\Windows;C:\Windows\System32\Wbem;C:\Windows\System32\WindowsPowerShell\v1.0\;C:\Windows\System32\OpenSSH\;C:\Program Files\Java\jdk-14.0.1\bin;C:\Program Files\Java\jdk-14.0.1\bin;L:\xampp\php;C:\Program Files\Microsoft SQL Server\130\Tools\Binn\;C:\Program Files\Microsoft SQL Server\Client SDK\ODBC\170\Tools\Binn\;C:\Program Files\Azure Data Studio\bin;C:\Program Files (x86)\Microsoft SQL Server\150\Tools\Binn\;C:\Program Files\Microsoft SQL Server\150\Tools\Binn\;C:\Program Files\Microsoft SQL Server\150\DTS\Binn\;C:\Program Files (x86)\Microsoft SQL Server\Client SDK\ODBC\130\Tools\Binn\;C:\Program Files (x86)\Microsoft SQL Server\130\Tools\Binn\;C:\Program Files (x86)\Microsoft SQL Server\130\DTS\Binn\;C:\Program Files (x86)\Microsoft SQL Server\130\Tools\Binn\ManagementStudio\;C:\Program Files\dotnet\;"C:\Users\Desktop\AppData\Local\Microsoft\WindowsApps;C:\Program Files\Java\jdk-14.0.1\bin";"C:\Users\RUSHI\AppData\Local\Programs\Microsoft VS Code\bin;C:\Program Files\Java\jdk-14.0.1\bin";C:\Program Files\Java\jdk-14.0.1\bin;C:\Users\RUSHI\AppData\Roaming\Composer\vendor\bin;L:\downloads\gradle-7.0-bin\gradle-7.0\bin;C:\Program Files\Azure Data Studio\bin;C:\Users\Desktop\.dotnet\tools
USERNAME=Desktop
OS=Windows_NT
PROCESSOR_IDENTIFIER=Intel64 Family 6 Model 37 Stepping 5, GenuineIntel



---------------  S Y S T E M  ---------------

OS: Windows 10.0 , 64 bit Build 18362 (10.0.18362.1500)

CPU:total 4 (initial active 4) (2 cores per cpu, 2 threads per core) family 6 model 37 stepping 5, cmov, cx8, fxsr, mmx, sse, sse2, sse3, ssse3, sse4.1, sse4.2, popcnt, ht, tsc, tscinvbit

Memory: 4k page, physical 3988152k(738856k free), swap 5957536k(5356k free)

vm_info: OpenJDK 64-Bit Server VM (25.242-b01) for windows-amd64 JRE (1.8.0_242-release-1644-b01), built by "builder" with MS VC++ 10.0 (VS2010)

time: Sat Oct 02 20:56:10 2021
timezone: India Standard Time
elapsed time: 796 seconds (0d 0h 13m 16s)

